[4416:28216:0708/032824.252:WARNING:chrome\browser\extensions\activity_log\activity_log_policy.cc:71] Scheduling init
[4416:28216:0708/032824.255:WARNING:chrome\browser\extensions\activity_log\activity_log_policy.cc:71] Scheduling init
[27476:15772:0708/032824.306:ERROR:ui\gl\direct_composition_support.cc:247] GetGpuDriverOverlayInfo: Failed to retrieve video device
[4416:28216:0708/032824.513:WARNING:chrome\browser\extensions\external_registry_loader_win.cc:283] Error observing HKLM: 5
[4416:28216:0708/032824.714:INFO:CONSOLE:0] "Tracking Prevention blocked access to storage for https://unpkg.com/leaflet@1.9.4/dist/leaflet.css.", source: file:///C:/Users/kjy61/Desktop/central-asia-travel/index.html (0)
[4416:28216:0708/032824.714:INFO:CONSOLE:0] "Tracking Prevention blocked access to storage for https://unpkg.com/leaflet@1.9.4/dist/leaflet.css.", source: file:///C:/Users/kjy61/Desktop/central-asia-travel/index.html (0)
[4416:28216:0708/032824.714:INFO:CONSOLE:0] "Tracking Prevention blocked access to storage for https://unpkg.com/leaflet@1.9.4/dist/leaflet.css.", source: file:///C:/Users/kjy61/Desktop/central-asia-travel/index.html (0)
[4416:28216:0708/032824.715:INFO:CONSOLE:0] "Tracking Prevention blocked access to storage for https://unpkg.com/leaflet@1.9.4/dist/leaflet.css.", source: file:///C:/Users/kjy61/Desktop/central-asia-travel/index.html (0)
[4416:28216:0708/032824.716:INFO:CONSOLE:0] "Tracking Prevention blocked access to storage for https://unpkg.com/leaflet@1.9.4/dist/leaflet.js.", source: file:///C:/Users/kjy61/Desktop/central-asia-travel/index.html (0)
[4416:28216:0708/032824.716:INFO:CONSOLE:0] "Tracking Prevention blocked access to storage for https://unpkg.com/leaflet@1.9.4/dist/leaflet.js.", source: file:///C:/Users/kjy61/Desktop/central-asia-travel/index.html (0)
[4416:28216:0708/032824.716:INFO:CONSOLE:0] "Tracking Prevention blocked access to storage for https://unpkg.com/leaflet@1.9.4/dist/leaflet.js.", source: file:///C:/Users/kjy61/Desktop/central-asia-travel/index.html (0)
[4416:28216:0708/032824.716:INFO:CONSOLE:0] "Tracking Prevention blocked access to storage for https://unpkg.com/leaflet@1.9.4/dist/leaflet.js.", source: file:///C:/Users/kjy61/Desktop/central-asia-travel/index.html (0)
[4416:28216:0708/032824.717:INFO:CONSOLE:0] "Tracking Prevention blocked access to storage for https://cdn.jsdelivr.net/npm/chart.js@4.4.0/dist/chart.umd.min.js.", source: file:///C:/Users/kjy61/Desktop/central-asia-travel/index.html (0)
[4416:28216:0708/032824.717:INFO:CONSOLE:0] "Tracking Prevention blocked access to storage for https://cdn.jsdelivr.net/npm/chart.js@4.4.0/dist/chart.umd.min.js.", source: file:///C:/Users/kjy61/Desktop/central-asia-travel/index.html (0)
[4416:28216:0708/032824.717:INFO:CONSOLE:0] "Tracking Prevention blocked access to storage for https://cdn.jsdelivr.net/npm/chart.js@4.4.0/dist/chart.umd.min.js.", source: file:///C:/Users/kjy61/Desktop/central-asia-travel/index.html (0)
[4416:28216:0708/032824.717:INFO:CONSOLE:0] "Tracking Prevention blocked access to storage for https://cdn.jsdelivr.net/npm/chart.js@4.4.0/dist/chart.umd.min.js.", source: file:///C:/Users/kjy61/Desktop/central-asia-travel/index.html (0)
[4416:28216:0708/032824.889:INFO:CONSOLE:3815] "[ProtocolLaunch] handler constructed; wiring port events.", source: chrome-extension://ndcpkimcihhghdcddljkfmmjccdmcmof/background.rollup.js (3815)
[4416:28216:0708/032825.006:WARNING:components\signin\internal\identity_manager\account_fetcher_service.cc:231] Edge does not support fetching account capabilities
[4416:28216:0708/032825.007:WARNING:components\signin\internal\identity_manager\account_fetcher_service.cc:192] Should not execute: Tests depending on this function may fail
[4416:28216:0708/032825.014:ERROR:components\edge_auth\edge_auth_errors.cc:542] EDGE_IDENTITY: Image Fetch FAILED: Error: Primary Error: kAccountImageFetchFailure, Secondary Error: kUnspecified, Platform error: 0, Error string: [empty]

[4416:28216:0708/032825.043:INFO:CONSOLE:0] "Tracking Prevention blocked access to storage for https://cdn.jsdelivr.net/gh/orioncactus/pretendard/dist/web/static/pretendard.css.", source: file:///C:/Users/kjy61/Desktop/central-asia-travel/index.html (0)
[4416:28216:0708/032825.044:INFO:CONSOLE:0] "Tracking Prevention blocked access to storage for https://cdn.jsdelivr.net/gh/orioncactus/pretendard/dist/web/static/pretendard.css.", source: file:///C:/Users/kjy61/Desktop/central-asia-travel/index.html (0)
[4416:28216:0708/032825.044:INFO:CONSOLE:0] "Tracking Prevention blocked access to storage for https://cdn.jsdelivr.net/gh/orioncactus/pretendard/dist/web/static/pretendard.css.", source: file:///C:/Users/kjy61/Desktop/central-asia-travel/index.html (0)
[4416:28216:0708/032825.044:INFO:CONSOLE:0] "Tracking Prevention blocked access to storage for https://cdn.jsdelivr.net/gh/orioncactus/pretendard/dist/web/static/pretendard.css.", source: file:///C:/Users/kjy61/Desktop/central-asia-travel/index.html (0)
[4416:28216:0708/032825.718:INFO:CONSOLE:0] "Images loaded lazily and replaced with placeholders. Load events are deferred. See https://go.microsoft.com/fwlink/?linkid=2048113", source: file:///C:/Users/kjy61/Desktop/central-asia-travel/index.html (0)
[4416:28216:0708/032826.727:WARNING:chrome\browser\edge_personalized_data_collection\account_info_for_san.cc:88] Call to fetch child account info FAILED
[4416:28216:0708/032827.183:INFO:CONSOLE:174] "ServiceWorker registration failed: TypeError: Failed to register a ServiceWorker: The URL protocol of the current origin ('null') is not supported.", source: file:///C:/Users/kjy61/Desktop/central-asia-travel/src/js/app.js (174)
